2020-01-27T05:40:37.308Z Local: 1/27/2020, 1:40:37 PM HI 
2020-01-27T05:40:45.012Z Local: 1/27/2020, 1:40:45 PM HI 
2020-01-27T05:40:46.613Z Local: 1/27/2020, 1:40:46 PM HI 
2020-01-27T05:50:03.307Z Local: 1/27/2020, 1:50:03 PM HI 
2020-01-27T05:52:35.365Z Local: 13 HI 
2020-01-27T05:52:46.271Z Local: 1/27/2020, 1:52:46 PM HI 
2020-01-27T05:52:56.302Z Local: 1/27/2020, 1:52:56 PM HI 
2020-01-27T05:52:58.683Z Local: 1/27/2020, 1:52:58 PM HI 
2020-01-27T05:53:17.323Z Local: 1/27/2020, 1:53:17 PM HI 
2020-01-27T06:02:07.218Z Local: 1/27/2020, 2:02:07 PM 
    INSERT INTO posts_table(
        title, 
        subtitle, 
        author, 
        content, 
        cover_img) 
        VALUES('凍頂村的故事', 'A Test of query a post', 'SHC', '# Remarkable...', 'hill3.jpg') RETURNING id;
     
2020-01-27T06:02:07.339Z Local: 1/27/2020, 2:02:07 PM command: INSERT, rowCount: 1 
2020-01-27T06:05:25.374Z Local: 1/27/2020, 2:05:25 PM INSERT INTO posts_table(
    title, 
    subtitle, 
    author, 
    content, 
    cover_img) 
    VALUES('凍頂村的故事', 'A Test of query a post', 'SHC', '# Remarkable...', 'hill3.jpg') RETURNING id;
     
2020-01-27T06:05:25.415Z Local: 1/27/2020, 2:05:25 PM command: INSERT, rowCount: 1 
2020-01-27T06:08:17.356Z Local: 1/27/2020, 2:08:17 PM INSERT INTO posts_table(
    title, 
    subtitle, 
    author, 
    content, 
    cover_img) 
    VALUES('凍頂村的故事', 'A Test of query a post', 'SHC', '# Remarkable...', 'hill3.jpg') RETURNING id; 
2020-01-27T06:08:17.426Z Local: 1/27/2020, 2:08:17 PM command: INSERT, rowCount: 1 
2020-01-27T06:08:56.614Z Local: 1/27/2020, 2:08:56 PM SELECT COUNT(*) FROM posts_table; 
2020-01-27T06:08:56.643Z Local: 1/27/2020, 2:08:56 PM command: SELECT, rowCount: 1 
2020-01-27T06:10:25.661Z Local: 1/27/2020, 2:10:25 PM SELECT COUNT(*) FROM posts_table; 
2020-01-27T06:10:25.695Z Local: 1/27/2020, 2:10:25 PM command: SELECT, rowCount: 1 
2020-01-27T06:10:25.696Z Local: 1/27/2020, 2:10:25 PM Sending 1 rows to ::1 with  
2020-01-27T06:13:02.666Z Local: 1/27/2020, 2:13:02 PM SELECT COUNT(*) FROM posts_table; 
2020-01-27T06:13:02.707Z Local: 1/27/2020, 2:13:02 PM command: SELECT, rowCount: 1 
2020-01-27T06:13:02.709Z Local: 1/27/2020, 2:13:02 PM Sending 1 rows to ::1 with  
2020-01-27T06:13:19.699Z Local: 1/27/2020, 2:13:19 PM INSERT INTO posts_table(title, subtitle, author, content, cover_img) VALUES('凍頂村的故事', 'A Test of query a post', 'SHC', '# Remarkable...', 'hill3.jpg') RETURNING id; 
2020-01-27T06:13:19.734Z Local: 1/27/2020, 2:13:19 PM command: INSERT, rowCount: 1 
2020-01-27T06:13:19.735Z Local: 1/27/2020, 2:13:19 PM Sending 1 rows to ::1 with  
2020-01-27T06:39:03.717Z Local: 1/27/2020, 2:39:03 PM INSERT INTO posts_table(title, subtitle, author, content, cover_img) VALUES('凍頂村的故事', 'A Test of query a post', 'SHC', '# Remarkable...', 'hill3.jpg') RETURNING id; 
2020-01-27T06:39:03.772Z Local: 1/27/2020, 2:39:03 PM command: INSERT, rowCount: 1 
2020-01-27T06:39:03.774Z Local: 1/27/2020, 2:39:03 PM Sending 1 rows to ::1 with  
